<?xml version="1.0" encoding="UTF-8"?>
<!-- Generated by org.testng.reporters.JUnitXMLReporter -->
<testsuite ignored="0" hostname="Pavan" failures="0" tests="4" name="Default test" time="94.468" errors="0" timestamp="2023-09-21T09:21:10 IST">
  <testcase classname="DataProvider_1" name="test1" time="24.821"/>
  <testcase classname="DataProvider_1" name="test1" time="23.348"/>
  <testcase classname="DataProvider_1" name="test1" time="23.24"/>
  <testcase classname="DataProvider_1" name="test1" time="22.924"/>
</testsuite> <!-- Default test -->
