<?xml version="1.0" encoding="UTF-8"?>
<!-- Generated by org.testng.reporters.JUnitXMLReporter -->
<testsuite ignored="1" hostname="Pavan" failures="0" tests="2" name="Default test" time="0.067" errors="0" timestamp="2023-09-16T09:57:45 IST">
  <testcase classname="com.UnitTesting.Test4" name="c" time="0.014"/>
  <testcase classname="com.UnitTesting.Test4" name="d" time="0.006"/>
  <testcase classname="com.UnitTesting.Test4" name="b" time="0.0">
    <ignored/>
  </testcase> <!-- b -->
</testsuite> <!-- Default test -->
