<?xml version="1.0" encoding="UTF-8"?>
<!-- Generated by org.testng.reporters.JUnitXMLReporter -->
<testsuite ignored="0" hostname="Pavan" failures="0" tests="4" name="Patil" time="0.009" errors="0" timestamp="2023-09-18T08:56:33 IST">
  <testcase classname="before_after.Test_3" name="script" time="0.001"/>
  <testcase classname="before_after.Test_3" name="script_1" time="0.0"/>
  <testcase classname="before_after.Test_4" name="script" time="0.0"/>
  <testcase classname="before_after.Test_4" name="script_1" time="0.001"/>
</testsuite> <!-- Patil -->
