<?xml version="1.0" encoding="UTF-8"?>
<!-- Generated by org.testng.reporters.JUnitXMLReporter -->
<testsuite ignored="2" hostname="Pavan" failures="0" tests="2" name="Pavan" time="0.063" errors="0" timestamp="2023-09-18T09:02:49 IST">
  <testcase classname="before_after.Test_3" name="script" time="0.008"/>
  <testcase classname="before_after.Test_3" name="script_1" time="0.002"/>
  <testcase classname="before_after.Test_4" name="script_1" time="0.0">
    <ignored/>
  </testcase> <!-- script_1 -->
  <testcase classname="before_after.Test_4" name="script" time="0.0">
    <ignored/>
  </testcase> <!-- script -->
</testsuite> <!-- Pavan -->
