<?xml version="1.0" encoding="UTF-8"?>
<testng-results ignored="0" total="1" passed="1" failed="0" skipped="0">
  <reporter-output>
  </reporter-output>
  <suite started-at="2023-09-20T09:30:03 IST" name="Default suite" finished-at="2023-09-20T09:30:15 IST" duration-ms="11654">
    <groups>
    </groups>
    <test started-at="2023-09-20T09:30:03 IST" name="Default test" finished-at="2023-09-20T09:30:15 IST" duration-ms="11654">
      <class name="co.VTiger.TestCases.TC_01_CreateOrganizationTest">
        <test-method is-config="true" signature="launchBrowser()[pri:0, instance:co.VTiger.TestCases.TC_01_CreateOrganizationTest@449a4f23]" started-at="2023-09-20T09:30:03 IST" name="launchBrowser" finished-at="2023-09-20T09:30:06 IST" duration-ms="3594" status="PASS">
          <reporter-output>
          </reporter-output>
        </test-method> <!-- launchBrowser -->
        <test-method is-config="true" signature="loginToApp()[pri:0, instance:co.VTiger.TestCases.TC_01_CreateOrganizationTest@449a4f23]" started-at="2023-09-20T09:30:06 IST" name="loginToApp" finished-at="2023-09-20T09:30:11 IST" duration-ms="4783" status="PASS">
          <reporter-output>
          </reporter-output>
        </test-method> <!-- loginToApp -->
        <test-method signature="createOrg()[pri:0, instance:co.VTiger.TestCases.TC_01_CreateOrganizationTest@449a4f23]" started-at="2023-09-20T09:30:11 IST" name="createOrg" finished-at="2023-09-20T09:30:15 IST" duration-ms="3251" status="PASS">
          <reporter-output>
          </reporter-output>
        </test-method> <!-- createOrg -->
      </class> <!-- co.VTiger.TestCases.TC_01_CreateOrganizationTest -->
    </test> <!-- Default test -->
  </suite> <!-- Default suite -->
</testng-results>
